[0m[[0m[0mdebug[0m] [0m[0m> Exec(run, Some(c15fa51b-d9f9-4229-9d46-349cc26f027a), Some(CommandSource(console0)))[0m
[0m[[0m[0mdebug[0m] [0m[0mEvaluating tasks: Compile / run[0m
[0m[[0m[0mdebug[0m] [0m[0mRunning task... Cancel: bloop.integrations.sbt.Offloader$$anon$1@ab7195, check cycles: false, forcegc: true[0m
[0m[[0m[0mdebug[0m] [0m[0mjsonRpcNotify: JsonRpcNotificationMessage(2.0, build/taskStart, {"taskId":{"id":"8","parents":[]},"eventTime":1634449758694,"message":"Compiling p0","dataKind":"compile-task","data":{"target":{"uri":"file:/C:/Users/ZGree/OneDrive/Documents/RevatureProjects/new/p0/#p0/Compile"}}})[0m
[0m[[0m[0mdebug[0m] [0m[0mjsonRpcNotify: JsonRpcNotificationMessage(2.0, build/publishDiagnostics, {"textDocument":{"uri":"file:///C:/Users/ZGree/OneDrive/Documents/RevatureProjects/new/p0/src/main/scala/Main.scala"},"buildTarget":{"uri":"file:/C:/Users/ZGree/OneDrive/Documents/RevatureProjects/new/p0/#p0/Compile"},"diagnostics":[],"reset":true})[0m
[0m[[0m[0mdebug[0m] [0m[0mjsonRpcNotify: JsonRpcNotificationMessage(2.0, build/taskFinish, {"taskId":{"id":"8","parents":[]},"eventTime":1634449758718,"message":"Compiled p0","status":1,"dataKind":"compile-report","data":{"target":{"uri":"file:/C:/Users/ZGree/OneDrive/Documents/RevatureProjects/new/p0/#p0/Compile"},"errors":0,"warnings":0,"time":24}})[0m
[0m[[0m[0mdebug[0m] [0m[0mjsonRpcNotify: JsonRpcNotificationMessage(2.0, build/logMessage, {"type":3,"message":"running example.Main "})[0m
[0m[[0m[0mdebug[0m] [0m[0mjsonRpcNotify: JsonRpcNotificationMessage(2.0, build/logMessage, {"type":4,"message":"Waiting for threads to exit or System.exit to be called."})[0m
[0m[[0m[0mdebug[0m] [0m[0mjsonRpcNotify: JsonRpcNotificationMessage(2.0, build/logMessage, {"type":4,"message":"Waiting for thread run-main-1 to terminate."})[0m
[0m[[0m[0mdebug[0m] [0m[0mjsonRpcNotify: JsonRpcNotificationMessage(2.0, build/logMessage, {"type":4,"message":"  Classpath:\n\tC:\\Users\\ZGree\\OneDrive\\Documents\\RevatureProjects\\new\\p0\\target\\bg-jobs\\sbt_22849c52\\job-2\\target\\626c2eed\\d3ffc15a\\hello-world_2.13-1.0.jar\n\tC:\\Users\\ZGree\\OneDrive\\Documents\\RevatureProjects\\new\\p0\\target\\bg-jobs\\sbt_22849c52\\target\\ca16c861\\37851899\\scala-library-2.13.3.jar\n\tC:\\Users\\ZGree\\OneDrive\\Documents\\RevatureProjects\\new\\p0\\target\\bg-jobs\\sbt_22849c52\\target\\7c834139\\de51ef4b\\scala-parser-combinators_2.13-1.1.2.jar\n\tC:\\Users\\ZGree\\OneDrive\\Documents\\RevatureProjects\\new\\p0\\target\\bg-jobs\\sbt_22849c52\\target\\3817695a\\ff518c93\\mongo-scala-driver_2.13-2.8.0.jar\n\tC:\\Users\\ZGree\\OneDrive\\Documents\\RevatureProjects\\new\\p0\\target\\bg-jobs\\sbt_22849c52\\target\\53431f65\\9aa2e410\\mongo-scala-bson_2.13-2.8.0.jar\n\tC:\\Users\\ZGree\\OneDrive\\Documents\\RevatureProjects\\new\\p0\\target\\bg-jobs\\sbt_22849c52\\target\\5f017a54\\ef8f6ef6\\mongodb-driver-async-3.12.0.jar\n\tC:\\Users\\ZGree\\OneDrive\\Documents\\RevatureProjects\\new\\p0\\target\\bg-jobs\\sbt_22849c52\\target\\1fa3efeb\\b14f3c54\\scala-reflect-2.13.3.jar\n\tC:\\Users\\ZGree\\OneDrive\\Documents\\RevatureProjects\\new\\p0\\target\\bg-jobs\\sbt_22849c52\\target\\bdfbad9a\\c8426930\\bson-3.12.0.jar\n\tC:\\Users\\ZGree\\OneDrive\\Documents\\RevatureProjects\\new\\p0\\target\\bg-jobs\\sbt_22849c52\\target\\2b66b0a2\\c894c3d6\\mongodb-driver-core-3.12.0.jar"})[0m
[0m[[0m[0mdebug[0m] [0m[0mjsonRpcNotify: JsonRpcNotificationMessage(2.0, build/logMessage, {"type":4,"message":"\tThread run-main-1 exited."})[0m
[0m[[0m[0mdebug[0m] [0m[0mjsonRpcNotify: JsonRpcNotificationMessage(2.0, build/logMessage, {"type":4,"message":"Interrupting remaining threads (should be all daemons)."})[0m
[0m[[0m[0mdebug[0m] [0m[0mjsonRpcNotify: JsonRpcNotificationMessage(2.0, build/logMessage, {"type":4,"message":"Interrupting thread cluster-ClusterId{value='616bb95f8c7bf4184cfb3a5b', description='null'}-localhost:27017"})[0m
[0m[[0m[0mdebug[0m] [0m[0mjsonRpcNotify: JsonRpcNotificationMessage(2.0, build/logMessage, {"type":4,"message":"\tInterrupted cluster-ClusterId{value='616bb95f8c7bf4184cfb3a5b', description='null'}-localhost:27017"})[0m
[0m[[0m[0mdebug[0m] [0m[0mjsonRpcNotify: JsonRpcNotificationMessage(2.0, build/logMessage, {"type":4,"message":"Sandboxed run complete.."})[0m
[0m[[0m[0mdebug[0m] [0m[0mjsonRpcNotify: JsonRpcNotificationMessage(2.0, build/logMessage, {"type":4,"message":"Exited with code 0"})[0m
[0m[[0m[32msuccess[0m] [0m[0mTotal time: 6 s, completed Oct 17, 2021 12:49:24 AM[0m
[0m[[0m[0mdebug[0m] [0m[0m> Exec(shell, None, None)[0m
[0m[[0m[0mdebug[0m] [0m[0mForcing garbage collection...[0m
[0m[[0m[0mdebug[0m] [0m[0mUnhandled request received: shutdown: JsonRpcRequestMessage(2.0, ♨2, shutdown, null})[0m
