[0m[[0m[0mdebug[0m] [0m[0m> Exec(;Test/compile; collectAnalyses, None, Some(CommandSource(network-1)))[0m
[0m[[0m[0mdebug[0m] [0m[0munmatched Processing event for requestId None: None[0m
[0m[[0m[0mdebug[0m] [0m[0munmatched Done event for requestId None: None[0m
[0m[[0m[0mdebug[0m] [0m[0m> Exec(Test/compile, None, Some(CommandSource(network-1)))[0m
[0m[[0m[0mdebug[0m] [0m[0munmatched Processing event for requestId None: None[0m
[0m[[0m[0mdebug[0m] [0m[0mEvaluating tasks: Test / compile[0m
[0m[[0m[0mdebug[0m] [0m[0mRunning task... Cancel: bloop.integrations.sbt.Offloader$$anon$1@9749f0, check cycles: false, forcegc: true[0m
[0m[[0m[0mdebug[0m] [0m[0mjsonRpcNotify: JsonRpcNotificationMessage(2.0, build/taskStart, {"taskId":{"id":"57","parents":[]},"eventTime":1634831469096,"message":"Compiling p0","dataKind":"compile-task","data":{"target":{"uri":"file:/C:/Users/ZGree/OneDrive/Documents/RevatureProjects/new/p0/#p0/Compile"}}})[0m
[0m[[0m[0minfo[0m] [0m[0mcompiling 1 Scala source to C:\Users\ZGree\OneDrive\Documents\RevatureProjects\new\p0\target\scala-2.13\classes ...[0m
[0m[[0m[0mdebug[0m] [0m[0mjsonRpcNotify: JsonRpcNotificationMessage(2.0, build/logMessage, {"type":3,"message":"compiling 1 Scala source to C:\\Users\\ZGree\\OneDrive\\Documents\\RevatureProjects\\new\\p0\\target\\scala-2.13\\classes ..."})[0m
[0m[[0m[33mwarn[0m] [0m[0m1 deprecation (since 2.13.0); re-run with -deprecation for details[0m
[0m[[0m[0mdebug[0m] [0m[0mjsonRpcNotify: JsonRpcNotificationMessage(2.0, build/logMessage, {"type":2,"message":"1 deprecation (since 2.13.0); re-run with -deprecation for details"})[0m
[0m[[0m[33mwarn[0m] [0m[0mone warning found[0m
[0m[[0m[0mdebug[0m] [0m[0mjsonRpcNotify: JsonRpcNotificationMessage(2.0, build/logMessage, {"type":2,"message":"one warning found"})[0m
[0m[[0m[0mdebug[0m] [0m[0mjsonRpcNotify: JsonRpcNotificationMessage(2.0, build/publishDiagnostics, {"textDocument":{"uri":"file:///C:/Users/ZGree/OneDrive/Documents/RevatureProjects/new/p0/src/main/scala/Main.scala"},"buildTarget":{"uri":"file:/C:/Users/ZGree/OneDrive/Documents/RevatureProjects/new/p0/#p0/Compile"},"diagnostics":[],"reset":true})[0m
[0m[[0m[0mdebug[0m] [0m[0mjsonRpcNotify: JsonRpcNotificationMessage(2.0, build/publishDiagnostics, {"textDocument":{"uri":"file:///C:/Users/ZGree/OneDrive/Documents/RevatureProjects/new/p0/src/main/scala/Helpers.scala"},"buildTarget":{"uri":"file:/C:/Users/ZGree/OneDrive/Documents/RevatureProjects/new/p0/#p0/Compile"},"diagnostics":[],"reset":true})[0m
[0m[[0m[0mdebug[0m] [0m[0mjsonRpcNotify: JsonRpcNotificationMessage(2.0, build/taskFinish, {"taskId":{"id":"57","parents":[]},"eventTime":1634831479015,"message":"Compiled p0","status":1,"dataKind":"compile-report","data":{"target":{"uri":"file:/C:/Users/ZGree/OneDrive/Documents/RevatureProjects/new/p0/#p0/Compile"},"errors":0,"warnings":0,"time":9919}})[0m
[0m[[0m[0mdebug[0m] [0m[0mjsonRpcNotify: JsonRpcNotificationMessage(2.0, build/taskStart, {"taskId":{"id":"58","parents":[]},"eventTime":1634831479066,"message":"Compiling p0-test","dataKind":"compile-task","data":{"target":{"uri":"file:/C:/Users/ZGree/OneDrive/Documents/RevatureProjects/new/p0/#p0/Test"}}})[0m
[0m[[0m[0mdebug[0m] [0m[0mjsonRpcNotify: JsonRpcNotificationMessage(2.0, build/taskFinish, {"taskId":{"id":"58","parents":[]},"eventTime":1634831479095,"message":"Compiled p0-test","status":1,"dataKind":"compile-report","data":{"target":{"uri":"file:/C:/Users/ZGree/OneDrive/Documents/RevatureProjects/new/p0/#p0/Test"},"errors":0,"warnings":0,"time":29}})[0m
[0m[[0m[32msuccess[0m] [0m[0mTotal time: 12 s, completed Oct 21, 2021 10:51:19 AM[0m
[0m[[0m[0mdebug[0m] [0m[0munmatched Done event for requestId None: None[0m
[0m[[0m[0mdebug[0m] [0m[0m> Exec(collectAnalyses, None, Some(CommandSource(network-1)))[0m
[0m[[0m[0mdebug[0m] [0m[0munmatched Processing event for requestId None: None[0m
[0m[[0m[0mdebug[0m] [0m[0mEvaluating tasks: Compile / collectAnalyses[0m
[0m[[0m[0mdebug[0m] [0m[0mRunning task... Cancel: bloop.integrations.sbt.Offloader$$anon$1@13f663, check cycles: false, forcegc: true[0m
[0m[[0m[0mdebug[0m] [0m[0manalysis location (C:\Users\ZGree\OneDrive\Documents\RevatureProjects\new\p0\target\scala-2.13\zinc\inc_compile_2.13.zip,true)[0m
[0m[[0m[32msuccess[0m] [0m[0mTotal time: 0 s, completed Oct 21, 2021 10:51:19 AM[0m
[0m[[0m[0mdebug[0m] [0m[0munmatched Done event for requestId None: None[0m
[0m[[0m[0mdebug[0m] [0m[0m> Exec(shell, None, None)[0m
[0m[[0m[0mdebug[0m] [0m[0mForcing garbage collection...[0m
