[0m[[0m[0mdebug[0m] [0m[0m> Exec(;Test/compile; collectAnalyses, None, Some(CommandSource(network-1)))[0m
[0m[[0m[0mdebug[0m] [0m[0munmatched Processing event for requestId None: None[0m
[0m[[0m[0mdebug[0m] [0m[0munmatched Done event for requestId None: None[0m
[0m[[0m[0mdebug[0m] [0m[0m> Exec(Test/compile, None, Some(CommandSource(network-1)))[0m
[0m[[0m[0mdebug[0m] [0m[0munmatched Processing event for requestId None: None[0m
[0m[[0m[0mdebug[0m] [0m[0mEvaluating tasks: Test / compile[0m
[0m[[0m[0mdebug[0m] [0m[0mRunning task... Cancel: bloop.integrations.sbt.Offloader$$anon$1@132f5db, check cycles: false, forcegc: true[0m
[0m[[0m[0mdebug[0m] [0m[0mjsonRpcNotify: JsonRpcNotificationMessage(2.0, build/taskStart, {"taskId":{"id":"141","parents":[]},"eventTime":1634588258057,"message":"Compiling p0","dataKind":"compile-task","data":{"target":{"uri":"file:/C:/Users/ZGree/OneDrive/Documents/RevatureProjects/new/p0/#p0/Compile"}}})[0m
[0m[[0m[0mdebug[0m] [0m[0mjsonRpcNotify: JsonRpcNotificationMessage(2.0, build/publishDiagnostics, {"textDocument":{"uri":"file:///C:/Users/ZGree/OneDrive/Documents/RevatureProjects/new/p0/src/main/scala/Main.scala"},"buildTarget":{"uri":"file:/C:/Users/ZGree/OneDrive/Documents/RevatureProjects/new/p0/#p0/Compile"},"diagnostics":[],"reset":true})[0m
[0m[[0m[0mdebug[0m] [0m[0mjsonRpcNotify: JsonRpcNotificationMessage(2.0, build/taskFinish, {"taskId":{"id":"141","parents":[]},"eventTime":1634588258105,"message":"Compiled p0","status":1,"dataKind":"compile-report","data":{"target":{"uri":"file:/C:/Users/ZGree/OneDrive/Documents/RevatureProjects/new/p0/#p0/Compile"},"errors":0,"warnings":0,"time":48}})[0m
[0m[[0m[0mdebug[0m] [0m[0mjsonRpcNotify: JsonRpcNotificationMessage(2.0, build/taskStart, {"taskId":{"id":"142","parents":[]},"eventTime":1634588258126,"message":"Compiling p0-test","dataKind":"compile-task","data":{"target":{"uri":"file:/C:/Users/ZGree/OneDrive/Documents/RevatureProjects/new/p0/#p0/Test"}}})[0m
[0m[[0m[0mdebug[0m] [0m[0mjsonRpcNotify: JsonRpcNotificationMessage(2.0, build/taskFinish, {"taskId":{"id":"142","parents":[]},"eventTime":1634588258164,"message":"Compiled p0-test","status":1,"dataKind":"compile-report","data":{"target":{"uri":"file:/C:/Users/ZGree/OneDrive/Documents/RevatureProjects/new/p0/#p0/Test"},"errors":0,"warnings":0,"time":38}})[0m
[0m[[0m[32msuccess[0m] [0m[0mTotal time: 1 s, completed Oct 18, 2021 3:17:38 PM[0m
[0m[[0m[0mdebug[0m] [0m[0munmatched Done event for requestId None: None[0m
[0m[[0m[0mdebug[0m] [0m[0m> Exec(collectAnalyses, None, Some(CommandSource(network-1)))[0m
[0m[[0m[0mdebug[0m] [0m[0munmatched Processing event for requestId None: None[0m
[0m[[0m[0mdebug[0m] [0m[0mEvaluating tasks: Compile / collectAnalyses[0m
[0m[[0m[0mdebug[0m] [0m[0mRunning task... Cancel: bloop.integrations.sbt.Offloader$$anon$1@e358de, check cycles: false, forcegc: true[0m
[0m[[0m[0mdebug[0m] [0m[0manalysis location (C:\Users\ZGree\OneDrive\Documents\RevatureProjects\new\p0\target\scala-2.13\zinc\inc_compile_2.13.zip,true)[0m
[0m[[0m[32msuccess[0m] [0m[0mTotal time: 0 s, completed Oct 18, 2021 3:17:38 PM[0m
[0m[[0m[0mdebug[0m] [0m[0munmatched Done event for requestId None: None[0m
[0m[[0m[0mdebug[0m] [0m[0m> Exec(shell, None, None)[0m
[0m[[0m[0mdebug[0m] [0m[0mUnhandled request received: shutdown: JsonRpcRequestMessage(2.0, ♨4, shutdown, null})[0m
