[0m[[0m[0mdebug[0m] [0m[0m> Exec(;Test/compile; collectAnalyses, None, Some(CommandSource(network-1)))[0m
[0m[[0m[0mdebug[0m] [0m[0munmatched Processing event for requestId None: None[0m
[0m[[0m[0mdebug[0m] [0m[0munmatched Done event for requestId None: None[0m
[0m[[0m[0mdebug[0m] [0m[0m> Exec(Test/compile, None, Some(CommandSource(network-1)))[0m
[0m[[0m[0mdebug[0m] [0m[0munmatched Processing event for requestId None: None[0m
[0m[[0m[0mdebug[0m] [0m[0mEvaluating tasks: Test / compile[0m
[0m[[0m[0mdebug[0m] [0m[0mRunning task... Cancel: bloop.integrations.sbt.Offloader$$anon$1@18a29ca, check cycles: false, forcegc: true[0m
[0m[[0m[0mdebug[0m] [0m[0mjsonRpcNotify: JsonRpcNotificationMessage(2.0, build/taskStart, {"taskId":{"id":"130","parents":[]},"eventTime":1634799131321,"message":"Compiling p0","dataKind":"compile-task","data":{"target":{"uri":"file:/C:/Users/ZGree/OneDrive/Documents/RevatureProjects/new/p0/#p0/Compile"}}})[0m
[0m[[0m[0minfo[0m] [0m[0mcompiling 1 Scala source to C:\Users\ZGree\OneDrive\Documents\RevatureProjects\new\p0\target\scala-2.13\classes ...[0m
[0m[[0m[0mdebug[0m] [0m[0mjsonRpcNotify: JsonRpcNotificationMessage(2.0, build/logMessage, {"type":3,"message":"compiling 1 Scala source to C:\\Users\\ZGree\\OneDrive\\Documents\\RevatureProjects\\new\\p0\\target\\scala-2.13\\classes ..."})[0m
[0m[[0m[0mdebug[0m] [0m[0mjsonRpcNotify: JsonRpcNotificationMessage(2.0, build/publishDiagnostics, {"textDocument":{"uri":"file:///C:/Users/ZGree/OneDrive/Documents/RevatureProjects/new/p0/src/main/scala/Main.scala"},"buildTarget":{"uri":"file:/C:/Users/ZGree/OneDrive/Documents/RevatureProjects/new/p0/#p0/Compile"},"diagnostics":[{"range":{"start":{"line":44,"character":20},"end":{"line":44,"character":21}},"severity":1,"source":"sbt","message":"overloaded method apply with alternatives:\n  (underlying: org.mongodb.scala.bson.BsonDocument)org.mongodb.scala.bson.collection.immutable.Document <and>\n  (elems: org.mongodb.scala.bson.BsonMagnets.CanBeBsonElements)org.mongodb.scala.bson.collection.immutable.Document <and>\n  (elems: org.mongodb.scala.bson.BsonMagnets.CanBeBsonElement*)org.mongodb.scala.bson.collection.immutable.Document <and>\n  (json: String)org.mongodb.scala.bson.collection.immutable.Document <and>\n  (xs: (String, org.mongodb.scala.bson.BsonValue)*)org.mongodb.scala.bson.collection.immutable.Document\n cannot be applied to (scala.collection.immutable.Range.Inclusive)"}],"reset":false})[0m
[0m[[0m[31merror[0m] [0m[0mC:\Users\ZGree\OneDrive\Documents\RevatureProjects\new\p0\src\main\scala\Main.scala:45:21: overloaded method apply with alternatives:[0m
[0m[[0m[31merror[0m] [0m[0m  (underlying: org.mongodb.scala.bson.BsonDocument)org.mongodb.scala.bson.collection.immutable.Document <and>[0m
[0m[[0m[31merror[0m] [0m[0m  (elems: org.mongodb.scala.bson.BsonMagnets.CanBeBsonElements)org.mongodb.scala.bson.collection.immutable.Document <and>[0m
[0m[[0m[31merror[0m] [0m[0m  (elems: org.mongodb.scala.bson.BsonMagnets.CanBeBsonElement*)org.mongodb.scala.bson.collection.immutable.Document <and>[0m
[0m[[0m[31merror[0m] [0m[0m  (json: String)org.mongodb.scala.bson.collection.immutable.Document <and>[0m
[0m[[0m[31merror[0m] [0m[0m  (xs: (String, org.mongodb.scala.bson.BsonValue)*)org.mongodb.scala.bson.collection.immutable.Document[0m
[0m[[0m[31merror[0m] [0m[0m cannot be applied to (scala.collection.immutable.Range.Inclusive)[0m
[0m[[0m[31merror[0m] [0m[0m        documents = Document (1 to docsList.length) { Document("SPIN" -> documentString.apply(0).toInt, "Location" -> documentString.apply(1), "Racked" -> documentString.apply(2).toBoolean)}[0m
[0m[[0m[31merror[0m] [0m[0m                    ^[0m
[0m[[0m[0mdebug[0m] [0m[0mjsonRpcNotify: JsonRpcNotificationMessage(2.0, build/logMessage, {"type":1,"message":"C:\\Users\\ZGree\\OneDrive\\Documents\\RevatureProjects\\new\\p0\\src\\main\\scala\\Main.scala:45:21: overloaded method apply with alternatives:\n  (underlying: org.mongodb.scala.bson.BsonDocument)org.mongodb.scala.bson.collection.immutable.Document <and>\n  (elems: org.mongodb.scala.bson.BsonMagnets.CanBeBsonElements)org.mongodb.scala.bson.collection.immutable.Document <and>\n  (elems: org.mongodb.scala.bson.BsonMagnets.CanBeBsonElement*)org.mongodb.scala.bson.collection.immutable.Document <and>\n  (json: String)org.mongodb.scala.bson.collection.immutable.Document <and>\n  (xs: (String, org.mongodb.scala.bson.BsonValue)*)org.mongodb.scala.bson.collection.immutable.Document\n cannot be applied to (scala.collection.immutable.Range.Inclusive)"})[0m
[0m[[0m[0mdebug[0m] [0m[0mjsonRpcNotify: JsonRpcNotificationMessage(2.0, build/logMessage, {"type":1,"message":"        documents = Document (1 to docsList.length) { Document(\"SPIN\" -> documentString.apply(0).toInt, \"Location\" -> documentString.apply(1), \"Racked\" -> documentString.apply(2).toBoolean)}"})[0m
[0m[[0m[0mdebug[0m] [0m[0mjsonRpcNotify: JsonRpcNotificationMessage(2.0, build/logMessage, {"type":1,"message":"                    ^"})[0m
[0m[[0m[31merror[0m] [0m[0mone error found[0m
[0m[[0m[0mdebug[0m] [0m[0mjsonRpcNotify: JsonRpcNotificationMessage(2.0, build/logMessage, {"type":1,"message":"one error found"})[0m
[0m[[0m[0mdebug[0m] [0m[0mjsonRpcNotify: JsonRpcNotificationMessage(2.0, build/publishDiagnostics, {"textDocument":{"uri":"file:///C:/Users/ZGree/OneDrive/Documents/RevatureProjects/new/p0/src/main/scala/Main.scala"},"buildTarget":{"uri":"file:/C:/Users/ZGree/OneDrive/Documents/RevatureProjects/new/p0/#p0/Compile"},"diagnostics":[{"range":{"start":{"line":44,"character":20},"end":{"line":44,"character":21}},"severity":1,"source":"sbt","message":"overloaded method apply with alternatives:\n  (underlying: org.mongodb.scala.bson.BsonDocument)org.mongodb.scala.bson.collection.immutable.Document <and>\n  (elems: org.mongodb.scala.bson.BsonMagnets.CanBeBsonElements)org.mongodb.scala.bson.collection.immutable.Document <and>\n  (elems: org.mongodb.scala.bson.BsonMagnets.CanBeBsonElement*)org.mongodb.scala.bson.collection.immutable.Document <and>\n  (json: String)org.mongodb.scala.bson.collection.immutable.Document <and>\n  (xs: (String, org.mongodb.scala.bson.BsonValue)*)org.mongodb.scala.bson.collection.immutable.Document\n cannot be applied to (scala.collection.immutable.Range.Inclusive)"}],"reset":true})[0m
[0m[[0m[0mdebug[0m] [0m[0mjsonRpcNotify: JsonRpcNotificationMessage(2.0, build/taskFinish, {"taskId":{"id":"130","parents":[]},"eventTime":1634799132133,"message":"Compiled p0","status":2,"dataKind":"compile-report","data":{"target":{"uri":"file:/C:/Users/ZGree/OneDrive/Documents/RevatureProjects/new/p0/#p0/Compile"},"errors":1,"warnings":0,"time":812}})[0m
[0m[[0m[0mdebug[0m] [0m[0munmatched json error for requestId None: {"code":-32603,"message":"(Compile / \u001b[31mcompileIncremental\u001b[0m) Compilation failed"}[0m
[0m[[0m[31merror[0m] [0m[0m(Compile / [31mcompileIncremental[0m) Compilation failed[0m
[0m[[0m[0mdebug[0m] [0m[0mjsonRpcNotify: JsonRpcNotificationMessage(2.0, build/logMessage, {"type":1,"message":"(Compile / \u001b[31mcompileIncremental\u001b[0m) Compilation failed"})[0m
[0m[[0m[31merror[0m] [0m[0mTotal time: 1 s, completed Oct 21, 2021 1:52:12 AM[0m
[0m[[0m[0mdebug[0m] [0m[0munmatched Done event for requestId None: None[0m
[0m[[0m[0mdebug[0m] [0m[0m> Exec(shell, None, None)[0m
