[0m[[0m[0mdebug[0m] [0m[0m> Exec(run, Some(f6714149-aabd-45de-81ea-6b66e9310988), Some(CommandSource(console0)))[0m
[0m[[0m[0mdebug[0m] [0m[0mEvaluating tasks: Compile / run[0m
[0m[[0m[0mdebug[0m] [0m[0mRunning task... Cancel: bloop.integrations.sbt.Offloader$$anon$1@3cff1c, check cycles: false, forcegc: true[0m
[0m[[0m[0mdebug[0m] [0m[0mjsonRpcNotify: JsonRpcNotificationMessage(2.0, build/taskStart, {"taskId":{"id":"74","parents":[]},"eventTime":1634680516384,"message":"Compiling p0","dataKind":"compile-task","data":{"target":{"uri":"file:/C:/Users/ZGree/OneDrive/Documents/RevatureProjects/new/p0/#p0/Compile"}}})[0m
[0m[[0m[0minfo[0m] [0m[0mcompiling 1 Scala source to C:\Users\ZGree\OneDrive\Documents\RevatureProjects\new\p0\target\scala-2.13\classes ...[0m
[0m[[0m[0mdebug[0m] [0m[0mjsonRpcNotify: JsonRpcNotificationMessage(2.0, build/logMessage, {"type":3,"message":"compiling 1 Scala source to C:\\Users\\ZGree\\OneDrive\\Documents\\RevatureProjects\\new\\p0\\target\\scala-2.13\\classes ..."})[0m
[0m[[0m[0mdebug[0m] [0m[0mjsonRpcNotify: JsonRpcNotificationMessage(2.0, build/publishDiagnostics, {"textDocument":{"uri":"file:///C:/Users/ZGree/OneDrive/Documents/RevatureProjects/new/p0/src/main/scala/Main.scala"},"buildTarget":{"uri":"file:/C:/Users/ZGree/OneDrive/Documents/RevatureProjects/new/p0/#p0/Compile"},"diagnostics":[{"range":{"start":{"line":51,"character":86},"end":{"line":51,"character":87}},"severity":1,"source":"sbt","message":"type mismatch;\n found   : org.mongodb.scala.SingleObservable[org.mongodb.scala.result.UpdateResult]\n    (which expands to)  org.mongodb.scala.SingleObservable[com.mongodb.client.result.UpdateResult]\n required: org.mongodb.scala.Observable[org.mongodb.scala.Completed]"}],"reset":false})[0m
[0m[[0m[31merror[0m] [0m[0mC:\Users\ZGree\OneDrive\Documents\RevatureProjects\new\p0\src\main\scala\Main.scala:52:87: type mismatch;[0m
[0m[[0m[31merror[0m] [0m[0m found   : org.mongodb.scala.SingleObservable[org.mongodb.scala.result.UpdateResult][0m
[0m[[0m[31merror[0m] [0m[0m    (which expands to)  org.mongodb.scala.SingleObservable[com.mongodb.client.result.UpdateResult][0m
[0m[[0m[31merror[0m] [0m[0m required: org.mongodb.scala.Observable[org.mongodb.scala.Completed][0m
[0m[[0m[31merror[0m] [0m[0m                    val updateObservable: Observable[Completed] = collection.updateOne(equal("bikeSN", 31200001), set("status", false))[0m
[0m[[0m[31merror[0m] [0m[0m                                                                                      ^[0m
[0m[[0m[0mdebug[0m] [0m[0mjsonRpcNotify: JsonRpcNotificationMessage(2.0, build/logMessage, {"type":1,"message":"C:\\Users\\ZGree\\OneDrive\\Documents\\RevatureProjects\\new\\p0\\src\\main\\scala\\Main.scala:52:87: type mismatch;\n found   : org.mongodb.scala.SingleObservable[org.mongodb.scala.result.UpdateResult]\n    (which expands to)  org.mongodb.scala.SingleObservable[com.mongodb.client.result.UpdateResult]\n required: org.mongodb.scala.Observable[org.mongodb.scala.Completed]"})[0m
[0m[[0m[0mdebug[0m] [0m[0mjsonRpcNotify: JsonRpcNotificationMessage(2.0, build/logMessage, {"type":1,"message":"                    val updateObservable: Observable[Completed] = collection.updateOne(equal(\"bikeSN\", 31200001), set(\"status\", false))"})[0m
[0m[[0m[0mdebug[0m] [0m[0mjsonRpcNotify: JsonRpcNotificationMessage(2.0, build/logMessage, {"type":1,"message":"                                                                                      ^"})[0m
[0m[[0m[31merror[0m] [0m[0mone error found[0m
[0m[[0m[0mdebug[0m] [0m[0mjsonRpcNotify: JsonRpcNotificationMessage(2.0, build/logMessage, {"type":1,"message":"one error found"})[0m
[0m[[0m[0mdebug[0m] [0m[0mjsonRpcNotify: JsonRpcNotificationMessage(2.0, build/publishDiagnostics, {"textDocument":{"uri":"file:///C:/Users/ZGree/OneDrive/Documents/RevatureProjects/new/p0/src/main/scala/Main.scala"},"buildTarget":{"uri":"file:/C:/Users/ZGree/OneDrive/Documents/RevatureProjects/new/p0/#p0/Compile"},"diagnostics":[{"range":{"start":{"line":51,"character":86},"end":{"line":51,"character":87}},"severity":1,"source":"sbt","message":"type mismatch;\n found   : org.mongodb.scala.SingleObservable[org.mongodb.scala.result.UpdateResult]\n    (which expands to)  org.mongodb.scala.SingleObservable[com.mongodb.client.result.UpdateResult]\n required: org.mongodb.scala.Observable[org.mongodb.scala.Completed]"}],"reset":true})[0m
[0m[[0m[0mdebug[0m] [0m[0mjsonRpcNotify: JsonRpcNotificationMessage(2.0, build/taskFinish, {"taskId":{"id":"74","parents":[]},"eventTime":1634680517203,"message":"Compiled p0","status":2,"dataKind":"compile-report","data":{"target":{"uri":"file:/C:/Users/ZGree/OneDrive/Documents/RevatureProjects/new/p0/#p0/Compile"},"errors":1,"warnings":0,"time":819}})[0m
[0m[[0m[31merror[0m] [0m[0m(Compile / [31mcompileIncremental[0m) Compilation failed[0m
[0m[[0m[0mdebug[0m] [0m[0mjsonRpcNotify: JsonRpcNotificationMessage(2.0, build/logMessage, {"type":1,"message":"(Compile / \u001b[31mcompileIncremental\u001b[0m) Compilation failed"})[0m
[0m[[0m[31merror[0m] [0m[0mTotal time: 1 s, completed Oct 19, 2021 4:55:17 PM[0m
[0m[[0m[0mdebug[0m] [0m[0m> Exec(shell, None, None)[0m
