[0m[[0m[0mdebug[0m] [0m[0m> Exec(;Test/compile; collectAnalyses, None, Some(CommandSource(network-1)))[0m
[0m[[0m[0mdebug[0m] [0m[0munmatched Processing event for requestId None: None[0m
[0m[[0m[0mdebug[0m] [0m[0munmatched Done event for requestId None: None[0m
[0m[[0m[0mdebug[0m] [0m[0m> Exec(Test/compile, None, Some(CommandSource(network-1)))[0m
[0m[[0m[0mdebug[0m] [0m[0munmatched Processing event for requestId None: None[0m
[0m[[0m[0mdebug[0m] [0m[0mEvaluating tasks: Test / compile[0m
[0m[[0m[0mdebug[0m] [0m[0mRunning task... Cancel: bloop.integrations.sbt.Offloader$$anon$1@1f9d400, check cycles: false, forcegc: true[0m
[0m[[0m[0mdebug[0m] [0m[0mjsonRpcNotify: JsonRpcNotificationMessage(2.0, build/taskStart, {"taskId":{"id":"22","parents":[]},"eventTime":1634845077672,"message":"Compiling p0","dataKind":"compile-task","data":{"target":{"uri":"file:/C:/Users/ZGree/OneDrive/Documents/RevatureProjects/new/p0/#p0/Compile"}}})[0m
[0m[[0m[0minfo[0m] [0m[0mcompiling 2 Scala sources to C:\Users\ZGree\OneDrive\Documents\RevatureProjects\new\p0\target\scala-2.13\classes ...[0m
[0m[[0m[0mdebug[0m] [0m[0mjsonRpcNotify: JsonRpcNotificationMessage(2.0, build/logMessage, {"type":3,"message":"compiling 2 Scala sources to C:\\Users\\ZGree\\OneDrive\\Documents\\RevatureProjects\\new\\p0\\target\\scala-2.13\\classes ..."})[0m
[0m[[0m[33mwarn[0m] [0m[0m1 deprecation (since 2.13.0)[0m
[0m[[0m[0mdebug[0m] [0m[0mjsonRpcNotify: JsonRpcNotificationMessage(2.0, build/logMessage, {"type":2,"message":"1 deprecation (since 2.13.0)"})[0m
[0m[[0m[33mwarn[0m] [0m[0m1 deprecation (since 2.13.3)[0m
[0m[[0m[0mdebug[0m] [0m[0mjsonRpcNotify: JsonRpcNotificationMessage(2.0, build/logMessage, {"type":2,"message":"1 deprecation (since 2.13.3)"})[0m
[0m[[0m[33mwarn[0m] [0m[0m2 deprecations in total; re-run with -deprecation for details[0m
[0m[[0m[0mdebug[0m] [0m[0mjsonRpcNotify: JsonRpcNotificationMessage(2.0, build/logMessage, {"type":2,"message":"2 deprecations in total; re-run with -deprecation for details"})[0m
[0m[[0m[33mwarn[0m] [0m[0mthree warnings found[0m
[0m[[0m[0mdebug[0m] [0m[0mjsonRpcNotify: JsonRpcNotificationMessage(2.0, build/logMessage, {"type":2,"message":"three warnings found"})[0m
[0m[[0m[0mdebug[0m] [0m[0mjsonRpcNotify: JsonRpcNotificationMessage(2.0, build/publishDiagnostics, {"textDocument":{"uri":"file:///C:/Users/ZGree/OneDrive/Documents/RevatureProjects/new/p0/src/main/scala/Main.scala"},"buildTarget":{"uri":"file:/C:/Users/ZGree/OneDrive/Documents/RevatureProjects/new/p0/#p0/Compile"},"diagnostics":[],"reset":true})[0m
[0m[[0m[0mdebug[0m] [0m[0mjsonRpcNotify: JsonRpcNotificationMessage(2.0, build/publishDiagnostics, {"textDocument":{"uri":"file:///C:/Users/ZGree/OneDrive/Documents/RevatureProjects/new/p0/src/main/scala/Helpers.scala"},"buildTarget":{"uri":"file:/C:/Users/ZGree/OneDrive/Documents/RevatureProjects/new/p0/#p0/Compile"},"diagnostics":[],"reset":true})[0m
[0m[[0m[0mdebug[0m] [0m[0mjsonRpcNotify: JsonRpcNotificationMessage(2.0, build/taskFinish, {"taskId":{"id":"22","parents":[]},"eventTime":1634845080485,"message":"Compiled p0","status":1,"dataKind":"compile-report","data":{"target":{"uri":"file:/C:/Users/ZGree/OneDrive/Documents/RevatureProjects/new/p0/#p0/Compile"},"errors":0,"warnings":0,"time":2813}})[0m
[0m[[0m[0mdebug[0m] [0m[0mjsonRpcNotify: JsonRpcNotificationMessage(2.0, build/taskStart, {"taskId":{"id":"23","parents":[]},"eventTime":1634845081985,"message":"Compiling p0-test","dataKind":"compile-task","data":{"target":{"uri":"file:/C:/Users/ZGree/OneDrive/Documents/RevatureProjects/new/p0/#p0/Test"}}})[0m
[0m[[0m[0mdebug[0m] [0m[0mjsonRpcNotify: JsonRpcNotificationMessage(2.0, build/taskFinish, {"taskId":{"id":"23","parents":[]},"eventTime":1634845082003,"message":"Compiled p0-test","status":1,"dataKind":"compile-report","data":{"target":{"uri":"file:/C:/Users/ZGree/OneDrive/Documents/RevatureProjects/new/p0/#p0/Test"},"errors":0,"warnings":0,"time":18}})[0m
[0m[[0m[32msuccess[0m] [0m[0mTotal time: 5 s, completed Oct 21, 2021 2:38:02 PM[0m
[0m[[0m[0mdebug[0m] [0m[0munmatched Done event for requestId None: None[0m
[0m[[0m[0mdebug[0m] [0m[0m> Exec(collectAnalyses, None, Some(CommandSource(network-1)))[0m
[0m[[0m[0mdebug[0m] [0m[0munmatched Processing event for requestId None: None[0m
[0m[[0m[0mdebug[0m] [0m[0mEvaluating tasks: Compile / collectAnalyses[0m
[0m[[0m[0mdebug[0m] [0m[0mRunning task... Cancel: bloop.integrations.sbt.Offloader$$anon$1@7dcc64, check cycles: false, forcegc: true[0m
[0m[[0m[0mdebug[0m] [0m[0manalysis location (C:\Users\ZGree\OneDrive\Documents\RevatureProjects\new\p0\target\scala-2.13\zinc\inc_compile_2.13.zip,true)[0m
[0m[[0m[32msuccess[0m] [0m[0mTotal time: 0 s, completed Oct 21, 2021 2:38:02 PM[0m
[0m[[0m[0mdebug[0m] [0m[0munmatched Done event for requestId None: None[0m
[0m[[0m[0mdebug[0m] [0m[0m> Exec(shell, None, None)[0m
[0m[[0m[0mdebug[0m] [0m[0mlsp-definition json request: {"textDocument":{"uri":"file:///c%3A/Users/ZGree/OneDrive/Documents/RevatureProjects/new/p0/src/main/scala/Main.scala"},"position":{"line":33,"character":31}}[0m
[0m[[0m[0mdebug[0m] [0m[0mlsp-definition found line:     val collection: MongoCollection[Document] = database.getCollection("playDemo")[0m
[0m[[0m[0mdebug[0m] [0m[0msymbol MongoCollection[0m
[0m[[0m[0mdebug[0m] [0m[0mlsp-definition potentials: Set()[0m
[0m[[0m[0mdebug[0m] [0m[0mlsp-definition locations Vector()[0m
[0m[[0m[0mdebug[0m] [0m[0mForcing garbage collection...[0m
[0m[[0m[0mdebug[0m] [0m[0mUnhandled notification received: textDocument/didClose: JsonRpcNotificationMessage(2.0, textDocument/didClose, {"textDocument":{"uri":"file:///c%3A/Users/ZGree/OneDrive/Documents/RevatureProjects/new/p0/src/main/scala/Helpers.scala"}})[0m
[0m[[0m[0mdebug[0m] [0m[0mUnhandled notification received: textDocument/didOpen: JsonRpcNotificationMessage(2.0, textDocument/didOpen, {"textDocument":{"uri":"file:///c%3A/Users/ZGree/OneDrive/Documents/RevatureProjects/new/p0/src/main/scala/Helpers.scala","languageId":"scala","version":1,"text":"package example\r\n\r\nimport java.util.concurrent.TimeUnit\r\n\r\nimport scala.concurrent.Await\r\nimport scala.concurrent.duration.Duration\r\n\r\nimport org.mongodb.scala._\r\n\r\nobject Helpers {\r\n\r\n  implicit class DocumentObservable[C](val observable: Observable[Document]) extends ImplicitObservable[Document] {\r\n    override val converter: (Document) => String = (doc) => doc.toJson\r\n  }\r\n\r\n  implicit class GenericObservable[C](val observable: Observable[C]) extends ImplicitObservable[C] {\r\n    override val converter: (C) => String = (doc) => doc.toString\r\n  }\r\n\r\n  trait ImplicitObservable[C] {\r\n    val observable: Observable[C]\r\n    val converter: (C) => String\r\n\r\n    def results(): Seq[C] = Await.result(observable.toFuture(), Duration(10, TimeUnit.SECONDS))\r\n    def headResult() = Await.result(observable.head(), Duration(10, TimeUnit.SECONDS))\r\n    def printResults(initial: String = \"\"): Unit = {\r\n      if (initial.length > 0) print(initial)\r\n      results().foreach(res => println(converter(res)))\r\n    }\r\n    def printHeadResult(initial: String = \"\"): Unit = println(s\"${initial}${converter(headResult())}\")\r\n  }\r\n\r\n}"}})[0m
