[0m[[0m[0mdebug[0m] [0m[0m> Exec(compile, Some(15d3666e-0a0d-44de-b54a-e7cf303f461e), Some(CommandSource(console0)))[0m
[0m[[0m[0mdebug[0m] [0m[0mEvaluating tasks: Compile / compile[0m
[0m[[0m[0mdebug[0m] [0m[0mRunning task... Cancel: bloop.integrations.sbt.Offloader$$anon$1@e07e65, check cycles: false, forcegc: true[0m
[0m[[0m[0mdebug[0m] [0m[0mjsonRpcNotify: JsonRpcNotificationMessage(2.0, build/taskStart, {"taskId":{"id":"56","parents":[]},"eventTime":1634322750014,"message":"Compiling p0","dataKind":"compile-task","data":{"target":{"uri":"file:/C:/Users/ZGree/OneDrive/Documents/RevatureProjects/new/p0/#p0/Compile"}}})[0m
[0m[[0m[0minfo[0m] [0m[0mcompiling 1 Scala source to C:\Users\ZGree\OneDrive\Documents\RevatureProjects\new\p0\target\scala-2.13\classes ...[0m
[0m[[0m[0mdebug[0m] [0m[0mjsonRpcNotify: JsonRpcNotificationMessage(2.0, build/logMessage, {"type":3,"message":"compiling 1 Scala source to C:\\Users\\ZGree\\OneDrive\\Documents\\RevatureProjects\\new\\p0\\target\\scala-2.13\\classes ..."})[0m
[0m[[0m[0mdebug[0m] [0m[0mjsonRpcNotify: JsonRpcNotificationMessage(2.0, build/publishDiagnostics, {"textDocument":{"uri":"file:///C:/Users/ZGree/OneDrive/Documents/RevatureProjects/new/p0/src/main/scala/Main.scala"},"buildTarget":{"uri":"file:/C:/Users/ZGree/OneDrive/Documents/RevatureProjects/new/p0/#p0/Compile"},"diagnostics":[{"range":{"start":{"line":4,"character":11},"end":{"line":4,"character":12}},"severity":1,"source":"sbt","message":"object mongodb is not a member of package org"}],"reset":false})[0m
[0m[[0m[31merror[0m] [0m[0mC:\Users\ZGree\OneDrive\Documents\RevatureProjects\new\p0\src\main\scala\Main.scala:5:12: object mongodb is not a member of package org[0m
[0m[[0m[31merror[0m] [0m[0mimport org.mongodb.scala._[0m
[0m[[0m[31merror[0m] [0m[0m           ^[0m
[0m[[0m[0mdebug[0m] [0m[0mjsonRpcNotify: JsonRpcNotificationMessage(2.0, build/logMessage, {"type":1,"message":"C:\\Users\\ZGree\\OneDrive\\Documents\\RevatureProjects\\new\\p0\\src\\main\\scala\\Main.scala:5:12: object mongodb is not a member of package org"})[0m
[0m[[0m[0mdebug[0m] [0m[0mjsonRpcNotify: JsonRpcNotificationMessage(2.0, build/logMessage, {"type":1,"message":"import org.mongodb.scala._"})[0m
[0m[[0m[0mdebug[0m] [0m[0mjsonRpcNotify: JsonRpcNotificationMessage(2.0, build/logMessage, {"type":1,"message":"           ^"})[0m
[0m[[0m[0mdebug[0m] [0m[0mjsonRpcNotify: JsonRpcNotificationMessage(2.0, build/publishDiagnostics, {"textDocument":{"uri":"file:///C:/Users/ZGree/OneDrive/Documents/RevatureProjects/new/p0/src/main/scala/Main.scala"},"buildTarget":{"uri":"file:/C:/Users/ZGree/OneDrive/Documents/RevatureProjects/new/p0/#p0/Compile"},"diagnostics":[{"range":{"start":{"line":7,"character":11},"end":{"line":7,"character":12}},"severity":1,"source":"sbt","message":"object mongodb is not a member of package org"}],"reset":false})[0m
[0m[[0m[31merror[0m] [0m[0mC:\Users\ZGree\OneDrive\Documents\RevatureProjects\new\p0\src\main\scala\Main.scala:8:12: object mongodb is not a member of package org[0m
[0m[[0m[31merror[0m] [0m[0mimport org.mongodb.scala._[0m
[0m[[0m[31merror[0m] [0m[0m           ^[0m
[0m[[0m[0mdebug[0m] [0m[0mjsonRpcNotify: JsonRpcNotificationMessage(2.0, build/logMessage, {"type":1,"message":"C:\\Users\\ZGree\\OneDrive\\Documents\\RevatureProjects\\new\\p0\\src\\main\\scala\\Main.scala:8:12: object mongodb is not a member of package org"})[0m
[0m[[0m[0mdebug[0m] [0m[0mjsonRpcNotify: JsonRpcNotificationMessage(2.0, build/logMessage, {"type":1,"message":"import org.mongodb.scala._"})[0m
[0m[[0m[0mdebug[0m] [0m[0mjsonRpcNotify: JsonRpcNotificationMessage(2.0, build/logMessage, {"type":1,"message":"           ^"})[0m
[0m[[0m[0mdebug[0m] [0m[0mjsonRpcNotify: JsonRpcNotificationMessage(2.0, build/publishDiagnostics, {"textDocument":{"uri":"file:///C:/Users/ZGree/OneDrive/Documents/RevatureProjects/new/p0/src/main/scala/Main.scala"},"buildTarget":{"uri":"file:/C:/Users/ZGree/OneDrive/Documents/RevatureProjects/new/p0/#p0/Compile"},"diagnostics":[{"range":{"start":{"line":16,"character":12},"end":{"line":16,"character":13}},"severity":1,"source":"sbt","message":"not found: type MongoClient"}],"reset":false})[0m
[0m[[0m[31merror[0m] [0m[0mC:\Users\ZGree\OneDrive\Documents\RevatureProjects\new\p0\src\main\scala\Main.scala:17:13: not found: type MongoClient[0m
[0m[[0m[31merror[0m] [0m[0mval client: MongoClient = MongoClient()[0m
[0m[[0m[31merror[0m] [0m[0m            ^[0m
[0m[[0m[0mdebug[0m] [0m[0mjsonRpcNotify: JsonRpcNotificationMessage(2.0, build/logMessage, {"type":1,"message":"C:\\Users\\ZGree\\OneDrive\\Documents\\RevatureProjects\\new\\p0\\src\\main\\scala\\Main.scala:17:13: not found: type MongoClient"})[0m
[0m[[0m[0mdebug[0m] [0m[0mjsonRpcNotify: JsonRpcNotificationMessage(2.0, build/logMessage, {"type":1,"message":"val client: MongoClient = MongoClient()"})[0m
[0m[[0m[0mdebug[0m] [0m[0mjsonRpcNotify: JsonRpcNotificationMessage(2.0, build/logMessage, {"type":1,"message":"            ^"})[0m
[0m[[0m[0mdebug[0m] [0m[0mjsonRpcNotify: JsonRpcNotificationMessage(2.0, build/publishDiagnostics, {"textDocument":{"uri":"file:///C:/Users/ZGree/OneDrive/Documents/RevatureProjects/new/p0/src/main/scala/Main.scala"},"buildTarget":{"uri":"file:/C:/Users/ZGree/OneDrive/Documents/RevatureProjects/new/p0/#p0/Compile"},"diagnostics":[{"range":{"start":{"line":16,"character":26},"end":{"line":16,"character":27}},"severity":1,"source":"sbt","message":"not found: value MongoClient"}],"reset":false})[0m
[0m[[0m[31merror[0m] [0m[0mC:\Users\ZGree\OneDrive\Documents\RevatureProjects\new\p0\src\main\scala\Main.scala:17:27: not found: value MongoClient[0m
[0m[[0m[31merror[0m] [0m[0mval client: MongoClient = MongoClient()[0m
[0m[[0m[31merror[0m] [0m[0m                          ^[0m
[0m[[0m[0mdebug[0m] [0m[0mjsonRpcNotify: JsonRpcNotificationMessage(2.0, build/logMessage, {"type":1,"message":"C:\\Users\\ZGree\\OneDrive\\Documents\\RevatureProjects\\new\\p0\\src\\main\\scala\\Main.scala:17:27: not found: value MongoClient"})[0m
[0m[[0m[0mdebug[0m] [0m[0mjsonRpcNotify: JsonRpcNotificationMessage(2.0, build/logMessage, {"type":1,"message":"val client: MongoClient = MongoClient()"})[0m
[0m[[0m[0mdebug[0m] [0m[0mjsonRpcNotify: JsonRpcNotificationMessage(2.0, build/logMessage, {"type":1,"message":"                          ^"})[0m
[0m[[0m[0mdebug[0m] [0m[0mjsonRpcNotify: JsonRpcNotificationMessage(2.0, build/publishDiagnostics, {"textDocument":{"uri":"file:///C:/Users/ZGree/OneDrive/Documents/RevatureProjects/new/p0/src/main/scala/Main.scala"},"buildTarget":{"uri":"file:/C:/Users/ZGree/OneDrive/Documents/RevatureProjects/new/p0/#p0/Compile"},"diagnostics":[{"range":{"start":{"line":17,"character":14},"end":{"line":17,"character":15}},"severity":1,"source":"sbt","message":"not found: type MongoDatabase"}],"reset":false})[0m
[0m[[0m[31merror[0m] [0m[0mC:\Users\ZGree\OneDrive\Documents\RevatureProjects\new\p0\src\main\scala\Main.scala:18:15: not found: type MongoDatabase[0m
[0m[[0m[31merror[0m] [0m[0mval database: MongoDatabase = client.getDatabase("test")[0m
[0m[[0m[31merror[0m] [0m[0m              ^[0m
[0m[[0m[0mdebug[0m] [0m[0mjsonRpcNotify: JsonRpcNotificationMessage(2.0, build/logMessage, {"type":1,"message":"C:\\Users\\ZGree\\OneDrive\\Documents\\RevatureProjects\\new\\p0\\src\\main\\scala\\Main.scala:18:15: not found: type MongoDatabase"})[0m
[0m[[0m[0mdebug[0m] [0m[0mjsonRpcNotify: JsonRpcNotificationMessage(2.0, build/logMessage, {"type":1,"message":"val database: MongoDatabase = client.getDatabase(\"test\")"})[0m
[0m[[0m[0mdebug[0m] [0m[0mjsonRpcNotify: JsonRpcNotificationMessage(2.0, build/logMessage, {"type":1,"message":"              ^"})[0m
[0m[[0m[0mdebug[0m] [0m[0mjsonRpcNotify: JsonRpcNotificationMessage(2.0, build/publishDiagnostics, {"textDocument":{"uri":"file:///C:/Users/ZGree/OneDrive/Documents/RevatureProjects/new/p0/src/main/scala/Main.scala"},"buildTarget":{"uri":"file:/C:/Users/ZGree/OneDrive/Documents/RevatureProjects/new/p0/#p0/Compile"},"diagnostics":[{"range":{"start":{"line":18,"character":16},"end":{"line":18,"character":17}},"severity":1,"source":"sbt","message":"not found: type MongoCollection"}],"reset":false})[0m
[0m[[0m[31merror[0m] [0m[0mC:\Users\ZGree\OneDrive\Documents\RevatureProjects\new\p0\src\main\scala\Main.scala:19:17: not found: type MongoCollection[0m
[0m[[0m[31merror[0m] [0m[0mval collection: MongoCollection[Document] = database.getCollection("test")[0m
[0m[[0m[31merror[0m] [0m[0m                ^[0m
[0m[[0m[0mdebug[0m] [0m[0mjsonRpcNotify: JsonRpcNotificationMessage(2.0, build/logMessage, {"type":1,"message":"C:\\Users\\ZGree\\OneDrive\\Documents\\RevatureProjects\\new\\p0\\src\\main\\scala\\Main.scala:19:17: not found: type MongoCollection"})[0m
[0m[[0m[0mdebug[0m] [0m[0mjsonRpcNotify: JsonRpcNotificationMessage(2.0, build/logMessage, {"type":1,"message":"val collection: MongoCollection[Document] = database.getCollection(\"test\")"})[0m
[0m[[0m[0mdebug[0m] [0m[0mjsonRpcNotify: JsonRpcNotificationMessage(2.0, build/logMessage, {"type":1,"message":"                ^"})[0m
[0m[[0m[31merror[0m] [0m[0m6 errors found[0m
[0m[[0m[0mdebug[0m] [0m[0mjsonRpcNotify: JsonRpcNotificationMessage(2.0, build/logMessage, {"type":1,"message":"6 errors found"})[0m
[0m[[0m[0mdebug[0m] [0m[0mjsonRpcNotify: JsonRpcNotificationMessage(2.0, build/publishDiagnostics, {"textDocument":{"uri":"file:///C:/Users/ZGree/OneDrive/Documents/RevatureProjects/new/p0/src/main/scala/Main.scala"},"buildTarget":{"uri":"file:/C:/Users/ZGree/OneDrive/Documents/RevatureProjects/new/p0/#p0/Compile"},"diagnostics":[{"range":{"start":{"line":4,"character":11},"end":{"line":4,"character":12}},"severity":1,"source":"sbt","message":"object mongodb is not a member of package org"},{"range":{"start":{"line":7,"character":11},"end":{"line":7,"character":12}},"severity":1,"source":"sbt","message":"object mongodb is not a member of package org"},{"range":{"start":{"line":16,"character":12},"end":{"line":16,"character":13}},"severity":1,"source":"sbt","message":"not found: type MongoClient"},{"range":{"start":{"line":16,"character":26},"end":{"line":16,"character":27}},"severity":1,"source":"sbt","message":"not found: value MongoClient"},{"range":{"start":{"line":17,"character":14},"end":{"line":17,"character":15}},"severity":1,"source":"sbt","message":"not found: type MongoDatabase"},{"range":{"start":{"line":18,"character":16},"end":{"line":18,"character":17}},"severity":1,"source":"sbt","message":"not found: type MongoCollection"}],"reset":true})[0m
[0m[[0m[0mdebug[0m] [0m[0mjsonRpcNotify: JsonRpcNotificationMessage(2.0, build/taskFinish, {"taskId":{"id":"56","parents":[]},"eventTime":1634322751719,"message":"Compiled p0","status":2,"dataKind":"compile-report","data":{"target":{"uri":"file:/C:/Users/ZGree/OneDrive/Documents/RevatureProjects/new/p0/#p0/Compile"},"errors":6,"warnings":0,"time":1705}})[0m
[0m[[0m[31merror[0m] [0m[0m(Compile / [31mcompileIncremental[0m) Compilation failed[0m
[0m[[0m[0mdebug[0m] [0m[0mjsonRpcNotify: JsonRpcNotificationMessage(2.0, build/logMessage, {"type":1,"message":"(Compile / \u001b[31mcompileIncremental\u001b[0m) Compilation failed"})[0m
[0m[[0m[31merror[0m] [0m[0mTotal time: 2 s, completed Oct 15, 2021 1:32:31 PM[0m
[0m[[0m[0mdebug[0m] [0m[0m> Exec(shell, None, None)[0m
